<?xml version="1.0" encoding="UTF-8"?>
<testsuite xmlns:xsi="http://www.w3.org/2001/XMLSchema-instance" xsi:noNamespaceSchemaLocation="https://maven.apache.org/surefire/maven-surefire-plugin/xsd/surefire-test-report-3.0.xsd" version="3.0" name="Testinium Test Case" time="21.506" tests="1" errors="0" skipped="0" failures="0">
  <properties>
[...]
</properties>
  <testcase name="Kullanici kitap yurdu sayfasinda roman aratir, sepete ekler ve sepetten cikarir" classname="Testinium Test Case" time="21.506">
    <system-out><![CDATA[&amp#27;[32m&amp#27;[1m┌───────────────────────────────────────────────────────────────────────────────────┐&amp#27;[0m
&amp#27;[32m&amp#27;[1m│&amp#27;[0m Share your Cucumber Report with your team at &amp#27;[36m&amp#27;[1m&amp#27;[4mhttps://reports.cucumber.io&amp#27;[0m          &amp#27;[32m&amp#27;[1m│&amp#27;[0m
&amp#27;[32m&amp#27;[1m│&amp#27;[0m Activate publishing with one of the following:                                    &amp#27;[32m&amp#27;[1m│&amp#27;[0m
&amp#27;[32m&amp#27;[1m│&amp#27;[0m                                                                                   &amp#27;[32m&amp#27;[1m│&amp#27;[0m
&amp#27;[32m&amp#27;[1m│&amp#27;[0m src/test/resources/cucumber.properties:          &amp#27;[36mcucumber.publish.enabled&amp#27;[0m=&amp#27;[36mtrue&amp#27;[0m    &amp#27;[32m&amp#27;[1m│&amp#27;[0m
&amp#27;[32m&amp#27;[1m│&amp#27;[0m src/test/resources/junit-platform.properties:    &amp#27;[36mcucumber.publish.enabled&amp#27;[0m=&amp#27;[36mtrue&amp#27;[0m    &amp#27;[32m&amp#27;[1m│&amp#27;[0m
&amp#27;[32m&amp#27;[1m│&amp#27;[0m Environment variable:                            &amp#27;[36mCUCUMBER_PUBLİSH_ENABLED&amp#27;[0m=&amp#27;[36mtrue&amp#27;[0m    &amp#27;[32m&amp#27;[1m│&amp#27;[0m
&amp#27;[32m&amp#27;[1m│&amp#27;[0m JUnit:                                           &amp#27;[36m@CucumberOptions&amp#27;[0m(publish = &amp#27;[36mtrue&amp#27;[0m) &amp#27;[32m&amp#27;[1m│&amp#27;[0m
&amp#27;[32m&amp#27;[1m│&amp#27;[0m                                                                                   &amp#27;[32m&amp#27;[1m│&amp#27;[0m
&amp#27;[32m&amp#27;[1m│&amp#27;[0m More information at &amp#27;[36mhttps://cucumber.io/docs/cucumber/environment-variables/&amp#27;[0m      &amp#27;[32m&amp#27;[1m│&amp#27;[0m
&amp#27;[32m&amp#27;[1m│&amp#27;[0m                                                                                   &amp#27;[32m&amp#27;[1m│&amp#27;[0m
&amp#27;[32m&amp#27;[1m│&amp#27;[0m Disable this message with one of the following:                                   &amp#27;[32m&amp#27;[1m│&amp#27;[0m
&amp#27;[32m&amp#27;[1m│&amp#27;[0m                                                                                   &amp#27;[32m&amp#27;[1m│&amp#27;[0m
&amp#27;[32m&amp#27;[1m│&amp#27;[0m src/test/resources/cucumber.properties:          &amp#27;[36mcucumber.publish.quiet&amp#27;[0m=&amp#27;[36mtrue&amp#27;[0m      &amp#27;[32m&amp#27;[1m│&amp#27;[0m
&amp#27;[32m&amp#27;[1m│&amp#27;[0m src/test/resources/junit-platform.properties:    &amp#27;[36mcucumber.publish.quiet&amp#27;[0m=&amp#27;[36mtrue&amp#27;[0m      &amp#27;[32m&amp#27;[1m│&amp#27;[0m
&amp#27;[32m&amp#27;[1m└───────────────────────────────────────────────────────────────────────────────────┘&amp#27;[0m


@testinium
Scenario: Kullanici kitap yurdu sayfasinda roman aratir, sepete ekler ve sepetten cikarir &amp#27;[90m# src/test/resources/features/testiniumTestCase.feature:3&amp#27;[0m
  &amp#27;[32mGiven &amp#27;[0m&amp#27;[32mkullanici &amp#27;[0m&amp#27;[32m&amp#27;[1m"kitapYurduUrl"&amp#27;[0m&amp#27;[32m anasayfasinda&amp#27;[0m                                           &amp#27;[90m# stepDefinitions.KitapYurduStepDefinitions.kullanici_anasayfasinda(java.lang.String)&amp#27;[0m
  &amp#27;[32mThen &amp#27;[0m&amp#27;[32mkullanici ana sayfanin acildigini kontrol eder&amp#27;[0m                                     &amp#27;[90m# stepDefinitions.KitapYurduStepDefinitions.kullanici_ana_sayfanin_acildigini_kontrol_eder()&amp#27;[0m
  &amp#27;[32mAnd &amp#27;[0m&amp#27;[32mkullanici roman icin arama yapar&amp#27;[0m                                                    &amp#27;[90m# stepDefinitions.KitapYurduStepDefinitions.kullaniciRomanIcinAramaYapar()&amp#27;[0m
  &amp#27;[32mAnd &amp#27;[0m&amp#27;[32mkullanici rastgele bir kitap secer&amp#27;[0m                                                  &amp#27;[90m# stepDefinitions.KitapYurduStepDefinitions.kullanici_rastgele_bir_kitap_secer()&amp#27;[0m
  &amp#27;[32mAnd &amp#27;[0m&amp#27;[32mkullanici sectigi kitabi sepete ekler&amp#27;[0m                                               &amp#27;[90m# stepDefinitions.KitapYurduStepDefinitions.kullanici_sectigi_kitabi_sepete_ekler()&amp#27;[0m
1
  &amp#27;[32mThen &amp#27;[0m&amp#27;[32mkullanici sepet ikonundaki degerin &amp#27;[0m&amp#27;[32m&amp#27;[1m"1"&amp#27;[0m&amp#27;[32m oldugunu kontrol eder&amp#27;[0m                       &amp#27;[90m# stepDefinitions.KitapYurduStepDefinitions.kullanici_sepet_ikonundaki_degerin_oldugunu_kontrol_eder(java.lang.String)&amp#27;[0m
  &amp#27;[32mAnd &amp#27;[0m&amp#27;[32mkullanici sepetim butonuna tiklar&amp#27;[0m                                                   &amp#27;[90m# stepDefinitions.KitapYurduStepDefinitions.kullanici_sepetim_butonuna_tiklar()&amp#27;[0m
  &amp#27;[32mAnd &amp#27;[0m&amp#27;[32mkullanici sepeti git butonuna tiklar&amp#27;[0m                                                &amp#27;[90m# stepDefinitions.KitapYurduStepDefinitions.kullanici_sepeti_git_butonuna_tiklar()&amp#27;[0m
suanki deger = 1
2
  &amp#27;[32mAnd &amp#27;[0m&amp#27;[32mkullanici ürün miktarini bir adet artirir&amp#27;[0m                                           &amp#27;[90m# stepDefinitions.KitapYurduStepDefinitions.kullanici_ürün_miktarini_bir_adet_artirir()&amp#27;[0m
  &amp#27;[32mAnd &amp#27;[0m&amp#27;[32mkullanici yenile butonuna tiklar&amp#27;[0m                                                    &amp#27;[90m# stepDefinitions.KitapYurduStepDefinitions.kullanici_yenile_butonuna_tiklar()&amp#27;[0m
  &amp#27;[32mThen &amp#27;[0m&amp#27;[32mkullanici Sepetiniz güncelleniyor yazisinin geldigini kontrol eder&amp#27;[0m                 &amp#27;[90m# stepDefinitions.KitapYurduStepDefinitions.kullaniciSepetinizGüncelleniyorYazisininGeldiginiKontrolEder()&amp#27;[0m
  &amp#27;[32mAnd &amp#27;[0m&amp#27;[32mkullanici carpi butonuna basar&amp#27;[0m                                                      &amp#27;[90m# stepDefinitions.KitapYurduStepDefinitions.kullanici_carpi_butonuna_basar()&amp#27;[0m
  &amp#27;[32mThen &amp#27;[0m&amp#27;[32mkullanici sepetin bos oldugunu kontrol eder&amp#27;[0m                                        &amp#27;[90m# stepDefinitions.KitapYurduStepDefinitions.kullanici_sepetin_bos_oldugunu_kontrol_eder()&amp#27;[0m
]]></system-out>
    <system-err><![CDATA[SLF4J: Failed to load class "org.slf4j.impl.StaticLoggerBinder".
SLF4J: Defaulting to no-operation (NOP) logger implementation
SLF4J: See http://www.slf4j.org/codes.html#StaticLoggerBinder for further details.
Starting ChromeDriver 105.0.5195.52 (412c95e518836d8a7d97250d62b29c2ae6a26a85-refs/branch-heads/5195@{#853}) on port 62592
Only local connections are allowed.
Please see https://chromedriver.chromium.org/security-considerations for suggestions on keeping ChromeDriver safe.
ChromeDriver was started successfully.
Eyl 17, 2022 1:57:21 ÖÖ org.openqa.selenium.remote.ProtocolHandshake createSession
INFO: Detected dialect: W3C
Eyl 17, 2022 1:57:21 ÖÖ org.openqa.selenium.devtools.CdpVersionFinder findNearestMatch
WARNING: Unable to find an exact match for CDP version 105, so returning the closest version found: a no-op implementation
Eyl 17, 2022 1:57:21 ÖÖ org.openqa.selenium.devtools.CdpVersionFinder findNearestMatch
INFO: Unable to find CDP implementation matching 105.
Eyl 17, 2022 1:57:21 ÖÖ org.openqa.selenium.chromium.ChromiumDriver lambda$new$3
WARNING: Unable to find version of CDP to use for . You may need to include a dependency on a specific version of the CDP using something similar to `org.seleniumhq.selenium:selenium-devtools-v86:4.1.3` where the version ("v86") matches the version of the chromium-based browser you're using and the version number of the artifact is the same as Selenium's.
]]></system-err>
  </testcase>
</testsuite>